<?xml version="1.0" encoding="UTF-8"?>
<!-- Generated by org.testng.reporters.JUnitReportReporter -->
<testsuite hostname="DESKTOP-AKS92NU" failures="0" tests="2" name="in.amazon.tests.AmazonTests" time="29.064" errors="0" timestamp="2023-05-25T18:13:46 IST" skipped="0">
  <testcase classname="in.amazon.tests.AmazonTests" name="cartTest" time="16.226"/>
  <system-out/>
  <testcase classname="in.amazon.tests.AmazonTests" name="testProductSearchAndDetails" time="12.838"/>
  <system-out/>
</testsuite> <!-- in.amazon.tests.AmazonTests -->
